[0.008s] Invoking command in '/home/rc-005/STrAduts/ConQU/Topic_Learning/student/build/student_node_rclcpp': CMAKE_PREFIX_PATH=${CMAKE_PREFIX_PATH}:/opt/ros/humble /usr/bin/cmake --build /home/rc-005/STrAduts/ConQU/Topic_Learning/student/build/student_node_rclcpp -- -j8 -l8
[0.038s] [35m[1mConsolidate compiler generated dependencies of target student_node[0m
[0.052s] [ 50%] [32mBuilding CXX object CMakeFiles/student_node.dir/src/student_node.cpp.o[0m
[0.197s] [01m[K/home/rc-005/STrAduts/ConQU/Topic_Learning/student/src/student_node_rclcpp/src/student_node.cpp:3:10:[m[K [01;31m[Kfatal error: [m[Ksrand: No such file or directory
[0.198s]     3 | #include [01;31m[K<srand>[m[K
[0.198s]       |          [01;31m[K^~~~~~~[m[K
[0.198s] compilation terminated.
[0.199s] gmake[2]: *** [CMakeFiles/student_node.dir/build.make:76: CMakeFiles/student_node.dir/src/student_node.cpp.o] Error 1
[0.199s] gmake[1]: *** [CMakeFiles/Makefile2:137: CMakeFiles/student_node.dir/all] Error 2
[0.199s] gmake: *** [Makefile:146: all] Error 2
[0.201s] Invoked command in '/home/rc-005/STrAduts/ConQU/Topic_Learning/student/build/student_node_rclcpp' returned '2': CMAKE_PREFIX_PATH=${CMAKE_PREFIX_PATH}:/opt/ros/humble /usr/bin/cmake --build /home/rc-005/STrAduts/ConQU/Topic_Learning/student/build/student_node_rclcpp -- -j8 -l8
