-- Found ament_cmake: 1.3.12 (/opt/ros/humble/share/ament_cmake/cmake)
-- Found rclcpp: 16.0.15 (/opt/ros/humble/share/rclcpp/cmake)
-- Found rosidl_generator_c: 3.1.7 (/opt/ros/humble/share/rosidl_generator_c/cmake)
-- Found rosidl_adapter: 3.1.7 (/opt/ros/humble/share/rosidl_adapter/cmake)
-- Found rosidl_generator_cpp: 3.1.7 (/opt/ros/humble/share/rosidl_generator_cpp/cmake)
-- Using all available rosidl_typesupport_c: rosidl_typesupport_fastrtps_c;rosidl_typesupport_introspection_c
-- Using all available rosidl_typesupport_cpp: rosidl_typesupport_fastrtps_cpp;rosidl_typesupport_introspection_cpp
-- Found rmw_implementation_cmake: 6.1.2 (/opt/ros/humble/share/rmw_implementation_cmake/cmake)
-- Found rmw_fastrtps_cpp: 6.2.9 (/opt/ros/humble/share/rmw_fastrtps_cpp/cmake)
-- Using RMW implementation 'rmw_fastrtps_cpp' as default
-- Found lr_interfaces: 0.0.0 (/home/rc1/STrAduts/ConQU/Service_Learning/homework/install/lr_interfaces/share/lr_interfaces/cmake)
-- Found ament_lint_auto: 0.12.14 (/opt/ros/humble/share/ament_lint_auto/cmake)
-- Added test 'cppcheck' to perform static code analysis on C / C++ code
-- Configured cppcheck include dirs: 
-- Configured cppcheck exclude dirs and/or files: 
-- Added test 'lint_cmake' to check CMake code style
-- Added test 'uncrustify' to check C / C++ code style
-- Configured uncrustify additional arguments: 
-- Added test 'xmllint' to check XML markup files
-- Configuring done
-- Generating done
-- Build files have been written to: /home/rc1/STrAduts/ConQU/Service_Learning/homework/build/morihuoshan
[ 50%] [32mBuilding CXX object CMakeFiles/car_client.dir/src/car_client.cpp.o[0m
[ 50%] [32mBuilding CXX object CMakeFiles/car_service.dir/src/car_service.cpp.o[0m
[01m[K/home/rc1/STrAduts/ConQU/Service_Learning/homework/src/morihuoshan/src/car_service.cpp:19:13:[m[K [01;31m[Kerror: [m[Kâ€˜[01m[Kcosnt[m[Kâ€™ has not been declared
   19 |             [01;31m[Kcosnt[m[K std :: shared_ptr <lr_interfaces :: srv :: Climb :: Request> request,
      |             [01;31m[K^~~~~[m[K
[01m[K/home/rc1/STrAduts/ConQU/Service_Learning/homework/src/morihuoshan/src/car_service.cpp:19:80:[m[K [01;31m[Kerror: [m[Kexpected unqualified-id before â€˜[01m[Krequest[m[Kâ€™
   19 |             cosnt std :: shared_ptr <lr_interfaces :: srv :: Climb :: Request> [01;31m[Krequest[m[K,
      |                                                                                [01;31m[K^~~~~~~[m[K
[01m[K/home/rc1/STrAduts/ConQU/Service_Learning/homework/src/morihuoshan/src/car_service.cpp:19:79:[m[K [01;31m[Kerror: [m[Kexpected â€˜[01m[K)[m[Kâ€™ before â€˜[01m[Krequest[m[Kâ€™
   19 |             cosnt std :: shared_ptr <lr_interfaces :: srv :: Climb :: Request>[01;31m[K [m[K[32m[Krequest[m[K,
      |                                                                               [01;31m[K^[m[K[32m[K~~~~~~~[m[K
      |                                                                               [32m[K)[m[K
[01m[K/home/rc1/STrAduts/ConQU/Service_Learning/homework/src/morihuoshan/src/car_service.cpp:18:29:[m[K [01;36m[Knote: [m[Kto match this â€˜[01m[K([m[Kâ€™
   18 |         void handle_service [01;36m[K([m[K
      |                             [01;36m[K^[m[K
[01m[K/home/rc1/STrAduts/ConQU/Service_Learning/homework/src/morihuoshan/src/car_service.cpp:19:26:[m[K [01;31m[Kerror: [m[Kexpected â€˜[01m[K;[m[Kâ€™ at end of member declaration
   19 |             cosnt std :: [01;31m[Kshared_ptr <lr_interfaces :: srv :: Climb :: Request>[m[K request,
      |                          [01;31m[K^~~~~~~~~~~~~~~~~~~~~~~~~~~~~~~~~~~~~~~~~~~~~~~~~~~~~[m[K
      |                                                                               [32m[K;[m[K
[01m[K/home/rc1/STrAduts/ConQU/Service_Learning/homework/src/morihuoshan/src/car_service.cpp:19:80:[m[K [01;31m[Kerror: [m[Kâ€˜[01m[Krequest[m[Kâ€™ does not name a type
   19 |             cosnt std :: shared_ptr <lr_interfaces :: srv :: Climb :: Request> [01;31m[Krequest[m[K,
      |                                                                                [01;31m[K^~~~~~~[m[K
[01m[K/home/rc1/STrAduts/ConQU/Service_Learning/homework/src/morihuoshan/src/car_service.cpp:[m[K In constructor â€˜[01m[KCarService::CarService()[m[Kâ€™:
[01m[K/home/rc1/STrAduts/ConQU/Service_Learning/homework/src/morihuoshan/src/car_service.cpp:12:87:[m[K [01;31m[Kerror: [m[Kexpected â€˜[01m[K)[m[Kâ€™ before â€˜[01m[K;[m[Kâ€™ token
   12 |                 "car_climb", std :: bind (&CarService :: handle_service, this, _1, _2)[01;31m[K;[m[K
      |                                                                                       [01;31m[K^[m[K
[01m[K/home/rc1/STrAduts/ConQU/Service_Learning/homework/src/morihuoshan/src/car_service.cpp:11:79:[m[K [01;36m[Knote: [m[Kto match this â€˜[01m[K([m[Kâ€™
   11 |             service_ = this -> create_service <lr_interfaces :: srv :: Climb> [01;36m[K([m[K
      |                                                                               [01;36m[K^[m[K
[01m[K/home/rc1/STrAduts/ConQU/Service_Learning/homework/src/morihuoshan/src/car_service.cpp:13:13:[m[K [01;31m[Kerror: [m[Kexpected primary-expression before â€˜[01m[K)[m[Kâ€™ token
   13 |             [01;31m[K)[m[K
      |             [01;31m[K^[m[K
[01m[K/home/rc1/STrAduts/ConQU/Service_Learning/homework/src/morihuoshan/src/car_client.cpp:48:2:[m[K [01;31m[Kerror: [m[Kexpected â€˜[01m[K;[m[Kâ€™ after class definition
   48 | }
      |  [01;31m[K^[m[K
      |  [32m[K;[m[K
[01m[K/home/rc1/STrAduts/ConQU/Service_Learning/homework/src/morihuoshan/src/car_client.cpp:[m[K In constructor â€˜[01m[KCarClient::CarClient()[m[Kâ€™:
[01m[K/home/rc1/STrAduts/ConQU/Service_Learning/homework/src/morihuoshan/src/car_client.cpp:13:70:[m[K [01;31m[Kerror: [m[Kâ€˜[01m[Kclimb[m[Kâ€™ is not a member of â€˜[01m[Klr_interfaces::srv[m[Kâ€™; did you mean â€˜[01m[KClimb[m[Kâ€™?
   13 |             client_ = this -> create_client <lr_interfaces :: srv :: [01;31m[Kclimb[m[K> ("car_climb");
      |                                                                      [01;31m[K^~~~~[m[K
      |                                                                      [32m[KClimb[m[K
[01m[K/home/rc1/STrAduts/ConQU/Service_Learning/homework/src/morihuoshan/src/car_client.cpp:13:77:[m[K [01;31m[Kerror: [m[Kno matching function for call to â€˜[01m[KCarClient::create_client<<expression error> >(const char [10])[m[Kâ€™
   13 |             client_ = [01;31m[Kthis -> create_client <lr_interfaces :: srv :: climb> ("car_climb")[m[K;
      |                       [01;31m[K~~~~~~~~~~~~~~~~~~~~~~~~~~~~~~~~~~~~~~~~~~~~~~~~~~~~~~^~~~~~~~~~~~~[m[K
In file included from [01m[K/opt/ros/humble/include/rclcpp/rclcpp/executors/single_threaded_executor.hpp:28[m[K,
                 from [01m[K/opt/ros/humble/include/rclcpp/rclcpp/executors.hpp:22[m[K,
                 from [01m[K/opt/ros/humble/include/rclcpp/rclcpp/rclcpp.hpp:155[m[K,
                 from [01m[K/home/rc1/STrAduts/ConQU/Service_Learning/homework/src/morihuoshan/src/car_client.cpp:1[m[K:
[01m[K/opt/ros/humble/include/rclcpp/rclcpp/node.hpp:252:3:[m[K [01;36m[Knote: [m[Kcandidate: â€˜[01m[Ktemplate<class ServiceT> typename rclcpp::Client<ServiceT>::SharedPtr rclcpp::Node::create_client(const string&, const rmw_qos_profile_t&, rclcpp::CallbackGroup::SharedPtr)[m[Kâ€™
  252 |   [01;36m[Kcreate_client[m[K(
      |   [01;36m[K^~~~~~~~~~~~~[m[K
[01m[K/opt/ros/humble/include/rclcpp/rclcpp/node.hpp:252:3:[m[K [01;36m[Knote: [m[K  template argument deduction/substitution failed:
[01m[K/home/rc1/STrAduts/ConQU/Service_Learning/homework/src/morihuoshan/src/car_client.cpp:13:77:[m[K [01;31m[Kerror: [m[Ktemplate argument 1 is invalid
   13 |             client_ = [01;31m[Kthis -> create_client <lr_interfaces :: srv :: climb> ("car_climb")[m[K;
      |                       [01;31m[K~~~~~~~~~~~~~~~~~~~~~~~~~~~~~~~~~~~~~~~~~~~~~~~~~~~~~~^~~~~~~~~~~~~[m[K
[01m[K/home/rc1/STrAduts/ConQU/Service_Learning/homework/src/morihuoshan/src/car_client.cpp:[m[K In function â€˜[01m[Kint main(int, char**)[m[Kâ€™:
[01m[K/home/rc1/STrAduts/ConQU/Service_Learning/homework/src/morihuoshan/src/car_client.cpp:58:5:[m[K [01;31m[Kerror: [m[Kâ€˜[01m[Kcar_client[m[Kâ€™ was not declared in this scope; did you mean â€˜[01m[KCarClient[m[Kâ€™?
   58 |     [01;31m[Kcar_client[m[K -> send_request (target_height);
      |     [01;31m[K^~~~~~~~~~[m[K
      |     [32m[KCarClient[m[K
gmake[2]: *** [CMakeFiles/car_service.dir/build.make:76: CMakeFiles/car_service.dir/src/car_service.cpp.o] Error 1
gmake[1]: *** [CMakeFiles/Makefile2:139: CMakeFiles/car_service.dir/all] Error 2
gmake[1]: *** Waiting for unfinished jobs....
gmake[2]: *** [CMakeFiles/car_client.dir/build.make:76: CMakeFiles/car_client.dir/src/car_client.cpp.o] Error 1
gmake[1]: *** [CMakeFiles/Makefile2:165: CMakeFiles/car_client.dir/all] Error 2
gmake: *** [Makefile:146: all] Error 2
