[35m[1mConsolidate compiler generated dependencies of target car_service[0m
[35m[1mConsolidate compiler generated dependencies of target car_client[0m
[ 50%] [32mBuilding CXX object CMakeFiles/car_service.dir/src/car_service.cpp.o[0m
[ 50%] [32mBuilding CXX object CMakeFiles/car_client.dir/src/car_client.cpp.o[0m
[01m[K/home/rc1/STrAduts/ConQU/Service_Learning/homework/src/morihuoshan/src/car_client.cpp:[m[K In function â€˜[01m[Kint main(int, char**)[m[Kâ€™:
[01m[K/home/rc1/STrAduts/ConQU/Service_Learning/homework/src/morihuoshan/src/car_client.cpp:58:15:[m[K [01;31m[Kerror: [m[Kexpected unqualified-id before â€˜[01m[K->[m[Kâ€™ token
   58 |     CarClient [01;31m[K->[m[K send_request (target_height);
      |               [01;31m[K^~[m[K
gmake[2]: *** [CMakeFiles/car_client.dir/build.make:76: CMakeFiles/car_client.dir/src/car_client.cpp.o] Error 1
gmake[1]: *** [CMakeFiles/Makefile2:165: CMakeFiles/car_client.dir/all] Error 2
gmake[1]: *** Waiting for unfinished jobs....
[ 75%] [32m[1mLinking CXX executable car_service[0m
[ 75%] Built target car_service
gmake: *** [Makefile:146: all] Error 2
