[0.009s] Invoking command in '/home/rc1/STrAduts/ConQU/Service_Learning/homework/build/morihuoshan': CMAKE_PREFIX_PATH=${CMAKE_PREFIX_PATH}:/opt/ros/humble /usr/bin/cmake --build /home/rc1/STrAduts/ConQU/Service_Learning/homework/build/morihuoshan -- -j8 -l8
[0.040s] [35m[1mConsolidate compiler generated dependencies of target car_service[0m
[0.040s] [35m[1mConsolidate compiler generated dependencies of target car_client[0m
[0.053s] [ 50%] [32mBuilding CXX object CMakeFiles/car_service.dir/src/car_service.cpp.o[0m
[0.053s] [ 50%] [32mBuilding CXX object CMakeFiles/car_client.dir/src/car_client.cpp.o[0m
[2.083s] [01m[K/home/rc1/STrAduts/ConQU/Service_Learning/homework/src/morihuoshan/src/car_client.cpp:[m[K In function â€˜[01m[Kint main(int, char**)[m[Kâ€™:
[2.084s] [01m[K/home/rc1/STrAduts/ConQU/Service_Learning/homework/src/morihuoshan/src/car_client.cpp:58:15:[m[K [01;31m[Kerror: [m[Kexpected unqualified-id before â€˜[01m[K->[m[Kâ€™ token
[2.084s]    58 |     CarClient [01;31m[K->[m[K send_request (target_height);
[2.084s]       |               [01;31m[K^~[m[K
[2.625s] gmake[2]: *** [CMakeFiles/car_client.dir/build.make:76: CMakeFiles/car_client.dir/src/car_client.cpp.o] Error 1
[2.625s] gmake[1]: *** [CMakeFiles/Makefile2:165: CMakeFiles/car_client.dir/all] Error 2
[2.625s] gmake[1]: *** Waiting for unfinished jobs....
[2.975s] [ 75%] [32m[1mLinking CXX executable car_service[0m
[3.095s] [ 75%] Built target car_service
[3.097s] gmake: *** [Makefile:146: all] Error 2
[3.098s] Invoked command in '/home/rc1/STrAduts/ConQU/Service_Learning/homework/build/morihuoshan' returned '2': CMAKE_PREFIX_PATH=${CMAKE_PREFIX_PATH}:/opt/ros/humble /usr/bin/cmake --build /home/rc1/STrAduts/ConQU/Service_Learning/homework/build/morihuoshan -- -j8 -l8
