[0.008s] Invoking command in '/home/rc1/STrAduts/ConQU/Service_Learning/homework/build/morihuoshan': CMAKE_PREFIX_PATH=${CMAKE_PREFIX_PATH}:/opt/ros/humble /usr/bin/cmake --build /home/rc1/STrAduts/ConQU/Service_Learning/homework/build/morihuoshan -- -j8 -l8
[0.039s] [35m[1mConsolidate compiler generated dependencies of target car_client[0m
[0.039s] [35m[1mConsolidate compiler generated dependencies of target car_service[0m
[0.051s] [ 50%] [32mBuilding CXX object CMakeFiles/car_client.dir/src/car_client.cpp.o[0m
[0.051s] [ 50%] [32mBuilding CXX object CMakeFiles/car_service.dir/src/car_service.cpp.o[0m
[2.013s] In file included from [01m[K/opt/ros/humble/include/rclcpp/rclcpp/client.hpp:40[m[K,
[2.013s]                  from [01m[K/opt/ros/humble/include/rclcpp/rclcpp/callback_group.hpp:24[m[K,
[2.013s]                  from [01m[K/opt/ros/humble/include/rclcpp/rclcpp/any_executable.hpp:20[m[K,
[2.013s]                  from [01m[K/opt/ros/humble/include/rclcpp/rclcpp/memory_strategy.hpp:25[m[K,
[2.013s]                  from [01m[K/opt/ros/humble/include/rclcpp/rclcpp/memory_strategies.hpp:18[m[K,
[2.013s]                  from [01m[K/opt/ros/humble/include/rclcpp/rclcpp/executor_options.hpp:20[m[K,
[2.013s]                  from [01m[K/opt/ros/humble/include/rclcpp/rclcpp/executor.hpp:37[m[K,
[2.013s]                  from [01m[K/opt/ros/humble/include/rclcpp/rclcpp/executors/multi_threaded_executor.hpp:25[m[K,
[2.014s]                  from [01m[K/opt/ros/humble/include/rclcpp/rclcpp/executors.hpp:21[m[K,
[2.014s]                  from [01m[K/opt/ros/humble/include/rclcpp/rclcpp/rclcpp.hpp:155[m[K,
[2.014s]                  from [01m[K/home/rc1/STrAduts/ConQU/Service_Learning/homework/src/morihuoshan/src/car_service.cpp:1[m[K:
[2.014s] [01m[K/home/rc1/STrAduts/ConQU/Service_Learning/homework/src/morihuoshan/src/car_service.cpp:[m[K In constructor â€˜[01m[KCarService::CarService()[m[Kâ€™:
[2.014s] [01m[K/home/rc1/STrAduts/ConQU/Service_Learning/homework/src/morihuoshan/src/car_service.cpp:15:13:[m[K [01;31m[Kerror: [m[Kexpected â€˜[01m[K;[m[Kâ€™ before â€˜[01m[Kdo[m[Kâ€™
[2.014s]    15 |             [01;31m[KRCLCPP_INFO[m[K (this -> get_logger (), "Car Climb Service is ready.");
[2.014s]       |             [01;31m[K^~~~~~~~~~~[m[K
[2.069s] [01m[K/home/rc1/STrAduts/ConQU/Service_Learning/homework/src/morihuoshan/src/car_client.cpp:48:2:[m[K [01;31m[Kerror: [m[Kexpected â€˜[01m[K;[m[Kâ€™ after class definition
[2.069s]    48 | }
[2.069s]       |  [01;31m[K^[m[K
[2.069s]       |  [32m[K;[m[K
[2.069s] [01m[K/home/rc1/STrAduts/ConQU/Service_Learning/homework/src/morihuoshan/src/car_client.cpp:[m[K In constructor â€˜[01m[KCarClient::CarClient()[m[Kâ€™:
[2.069s] [01m[K/home/rc1/STrAduts/ConQU/Service_Learning/homework/src/morihuoshan/src/car_client.cpp:13:70:[m[K [01;31m[Kerror: [m[Kâ€˜[01m[Kclimb[m[Kâ€™ is not a member of â€˜[01m[Klr_interfaces::srv[m[Kâ€™; did you mean â€˜[01m[KClimb[m[Kâ€™?
[2.070s]    13 |             client_ = this -> create_client <lr_interfaces :: srv :: [01;31m[Kclimb[m[K> ("car_climb");
[2.070s]       |                                                                      [01;31m[K^~~~~[m[K
[2.070s]       |                                                                      [32m[KClimb[m[K
[2.070s] [01m[K/home/rc1/STrAduts/ConQU/Service_Learning/homework/src/morihuoshan/src/car_client.cpp:13:77:[m[K [01;31m[Kerror: [m[Kno matching function for call to â€˜[01m[KCarClient::create_client<<expression error> >(const char [10])[m[Kâ€™
[2.070s]    13 |             client_ = [01;31m[Kthis -> create_client <lr_interfaces :: srv :: climb> ("car_climb")[m[K;
[2.070s]       |                       [01;31m[K~~~~~~~~~~~~~~~~~~~~~~~~~~~~~~~~~~~~~~~~~~~~~~~~~~~~~~^~~~~~~~~~~~~[m[K
[2.070s] In file included from [01m[K/opt/ros/humble/include/rclcpp/rclcpp/executors/single_threaded_executor.hpp:28[m[K,
[2.070s]                  from [01m[K/opt/ros/humble/include/rclcpp/rclcpp/executors.hpp:22[m[K,
[2.070s]                  from [01m[K/opt/ros/humble/include/rclcpp/rclcpp/rclcpp.hpp:155[m[K,
[2.070s]                  from [01m[K/home/rc1/STrAduts/ConQU/Service_Learning/homework/src/morihuoshan/src/car_client.cpp:1[m[K:
[2.070s] [01m[K/opt/ros/humble/include/rclcpp/rclcpp/node.hpp:252:3:[m[K [01;36m[Knote: [m[Kcandidate: â€˜[01m[Ktemplate<class ServiceT> typename rclcpp::Client<ServiceT>::SharedPtr rclcpp::Node::create_client(const string&, const rmw_qos_profile_t&, rclcpp::CallbackGroup::SharedPtr)[m[Kâ€™
[2.070s]   252 |   [01;36m[Kcreate_client[m[K(
[2.070s]       |   [01;36m[K^~~~~~~~~~~~~[m[K
[2.070s] [01m[K/opt/ros/humble/include/rclcpp/rclcpp/node.hpp:252:3:[m[K [01;36m[Knote: [m[K  template argument deduction/substitution failed:
[2.070s] [01m[K/home/rc1/STrAduts/ConQU/Service_Learning/homework/src/morihuoshan/src/car_client.cpp:13:77:[m[K [01;31m[Kerror: [m[Ktemplate argument 1 is invalid
[2.070s]    13 |             client_ = [01;31m[Kthis -> create_client <lr_interfaces :: srv :: climb> ("car_climb")[m[K;
[2.070s]       |                       [01;31m[K~~~~~~~~~~~~~~~~~~~~~~~~~~~~~~~~~~~~~~~~~~~~~~~~~~~~~~^~~~~~~~~~~~~[m[K
[2.084s] [01m[K/home/rc1/STrAduts/ConQU/Service_Learning/homework/src/morihuoshan/src/car_client.cpp:[m[K In function â€˜[01m[Kint main(int, char**)[m[Kâ€™:
[2.084s] [01m[K/home/rc1/STrAduts/ConQU/Service_Learning/homework/src/morihuoshan/src/car_client.cpp:58:5:[m[K [01;31m[Kerror: [m[Kâ€˜[01m[Kcar_client[m[Kâ€™ was not declared in this scope; did you mean â€˜[01m[KCarClient[m[Kâ€™?
[2.084s]    58 |     [01;31m[Kcar_client[m[K -> send_request (target_height);
[2.084s]       |     [01;31m[K^~~~~~~~~~[m[K
[2.084s]       |     [32m[KCarClient[m[K
[2.564s] gmake[2]: *** [CMakeFiles/car_service.dir/build.make:76: CMakeFiles/car_service.dir/src/car_service.cpp.o] Error 1
[2.564s] gmake[1]: *** [CMakeFiles/Makefile2:139: CMakeFiles/car_service.dir/all] Error 2
[2.564s] gmake[1]: *** Waiting for unfinished jobs....
[2.569s] gmake[2]: *** [CMakeFiles/car_client.dir/build.make:76: CMakeFiles/car_client.dir/src/car_client.cpp.o] Error 1
[2.570s] gmake[1]: *** [CMakeFiles/Makefile2:165: CMakeFiles/car_client.dir/all] Error 2
[2.570s] gmake: *** [Makefile:146: all] Error 2
[2.571s] Invoked command in '/home/rc1/STrAduts/ConQU/Service_Learning/homework/build/morihuoshan' returned '2': CMAKE_PREFIX_PATH=${CMAKE_PREFIX_PATH}:/opt/ros/humble /usr/bin/cmake --build /home/rc1/STrAduts/ConQU/Service_Learning/homework/build/morihuoshan -- -j8 -l8
